<?xml version="1.0" encoding="UTF-8" ?>
<testsuite errors="2" failures="0" hostname="IM-TIPROG22" name="bestprice.ComunTests" tests="1" time="0.072" timestamp="2012-03-09T20:00:32">
  <properties />
  <testcase classname="bestprice.ComunTests" name="testSomething" time="0.032">
    <error message="Error creating bean with name &apos;bestprice.Comun&apos;: Instantiation of bean failed; nested exception is org.springframework.beans.BeanInstantiationException: Could not instantiate bean class [bestprice.Comun]: Is it an abstract class?; nested exception is java.lang.InstantiationException" type="org.springframework.beans.factory.BeanCreationException">org.springframework.beans.factory.BeanCreationException: Error creating bean with name &apos;bestprice.Comun&apos;: Instantiation of bean failed; nested exception is org.springframework.beans.BeanInstantiationException: Could not instantiate bean class [bestprice.Comun]: Is it an abstract class?; nested exception is java.lang.InstantiationException
	at grails.test.mixin.domain.DomainClassUnitTestMixin.mockDomain(DomainClassUnitTestMixin.groovy:165)
	at grails.test.mixin.domain.DomainClassUnitTestMixin.mockDomain(DomainClassUnitTestMixin.groovy:120)
Caused by: org.springframework.beans.BeanInstantiationException: Could not instantiate bean class [bestprice.Comun]: Is it an abstract class?; nested exception is java.lang.InstantiationException
Caused by: java.lang.InstantiationException
</error>
    <error type="java.lang.NullPointerException">java.lang.NullPointerException
	at org.grails.datastore.mapping.core.DatastoreUtils.unbindSession(DatastoreUtils.java:362)
	at grails.test.mixin.domain.DomainClassUnitTestMixin.shutdownDatastoreImplementation(DomainClassUnitTestMixin.groovy:109)
</error>
  </testcase>
  <system-out><![CDATA[--Output from testSomething--
]]></system-out>
  <system-err><![CDATA[--Output from testSomething--
]]></system-err>
</testsuite>
