<?xml version="1.0" encoding="UTF-8" ?>
<testsuite errors="0" failures="5" hostname="IM-TIPROG22" name="bestprice.EstatusControllerTests" tests="8" time="0.308" timestamp="2012-03-07T20:21:33">
  <properties />
  <testcase classname="bestprice.EstatusControllerTests" name="testIndex" time="0.053" />
  <testcase classname="bestprice.EstatusControllerTests" name="testList" time="0.03" />
  <testcase classname="bestprice.EstatusControllerTests" name="testCreate" time="0.027" />
  <testcase classname="bestprice.EstatusControllerTests" name="testSave" time="0.034">
    <failure message="Assertion failed: &#xa;&#xa;assert response.redirectedUrl == &apos;/estatus/show/1&apos;&#xa;       |        |             |&#xa;       |        null          false&#xa;       org.codehaus.groovy.grails.plugins.testing.GrailsMockHttpServletResponse@3513126e&#xa;" type="junit.framework.AssertionFailedError">junit.framework.AssertionFailedError: Assertion failed: 

assert response.redirectedUrl == &apos;/estatus/show/1&apos;
       |        |             |
       |        null          false
       org.codehaus.groovy.grails.plugins.testing.GrailsMockHttpServletResponse@3513126e

	at bestprice.EstatusControllerTests.testSave(EstatusControllerTests.groovy:49)
</failure>
  </testcase>
  <testcase classname="bestprice.EstatusControllerTests" name="testShow" time="0.032">
    <failure message="Assertion failed: &#xa;&#xa;assert estatus.save() != null&#xa;       |       |      |&#xa;       |       null   false&#xa;       bestprice.Estatus : null&#xa;" type="junit.framework.AssertionFailedError">junit.framework.AssertionFailedError: Assertion failed: 

assert estatus.save() != null
       |       |      |
       |       null   false
       bestprice.Estatus : null

	at bestprice.EstatusControllerTests.testShow(EstatusControllerTests.groovy:64)
</failure>
  </testcase>
  <testcase classname="bestprice.EstatusControllerTests" name="testEdit" time="0.031">
    <failure message="Assertion failed: &#xa;&#xa;assert estatus.save() != null&#xa;       |       |      |&#xa;       |       null   false&#xa;       bestprice.Estatus : null&#xa;" type="junit.framework.AssertionFailedError">junit.framework.AssertionFailedError: Assertion failed: 

assert estatus.save() != null
       |       |      |
       |       null   false
       bestprice.Estatus : null

	at bestprice.EstatusControllerTests.testEdit(EstatusControllerTests.groovy:83)
</failure>
  </testcase>
  <testcase classname="bestprice.EstatusControllerTests" name="testUpdate" time="0.034">
    <failure message="Assertion failed: &#xa;&#xa;assert estatus.save() != null&#xa;       |       |      |&#xa;       |       null   false&#xa;       bestprice.Estatus : null&#xa;" type="junit.framework.AssertionFailedError">junit.framework.AssertionFailedError: Assertion failed: 

assert estatus.save() != null
       |       |      |
       |       null   false
       bestprice.Estatus : null

	at bestprice.EstatusControllerTests.testUpdate(EstatusControllerTests.groovy:104)
</failure>
  </testcase>
  <testcase classname="bestprice.EstatusControllerTests" name="testDelete" time="0.039">
    <failure message="Assertion failed: &#xa;&#xa;assert estatus.save() != null&#xa;       |       |      |&#xa;       |       null   false&#xa;       bestprice.Estatus : null&#xa;" type="junit.framework.AssertionFailedError">junit.framework.AssertionFailedError: Assertion failed: 

assert estatus.save() != null
       |       |      |
       |       null   false
       bestprice.Estatus : null

	at bestprice.EstatusControllerTests.testDelete(EstatusControllerTests.groovy:148)
</failure>
  </testcase>
  <system-out><![CDATA[--Output from testIndex--
--Output from testList--
--Output from testCreate--
--Output from testSave--
--Output from testShow--
--Output from testEdit--
--Output from testUpdate--
--Output from testDelete--
]]></system-out>
  <system-err><![CDATA[--Output from testIndex--
--Output from testList--
--Output from testCreate--
--Output from testSave--
--Output from testShow--
--Output from testEdit--
--Output from testUpdate--
--Output from testDelete--
]]></system-err>
</testsuite>
